[1mdiff --git a/Readme.md b/Readme.md[m
[1mindex ed83e43..75fa887 100644[m
[1m--- a/Readme.md[m
[1m+++ b/Readme.md[m
[36m@@ -1 +1,3 @@[m
[31m-Meu Primeiro sistema no Git[m
\ No newline at end of file[m
[32m+[m[32mMeu segundo sistema[m
[32m+[m
[32m+[m[32mlinha nova[m
\ No newline at end of file[m
[1mdiff --git a/Unit4.dfm b/Unit4.dfm[m
[1mindex 0dcea2f..26a38e3 100644[m
[1m--- a/Unit4.dfm[m
[1m+++ b/Unit4.dfm[m
[36m@@ -15,7 +15,7 @@[m [mobject Form4: TForm4[m
     Left = 16[m
     Top = 16[m
     Width = 585[m
[31m-    Height = 369[m
[32m+[m[32m    Height = 409[m
     ActivePage = TabSheet1[m
     TabOrder = 0[m
     object TabSheet1: TTabSheet[m
[1mdiff --git a/__recovery/Unit3.dfm b/__recovery/Unit3.dfm[m
[1mindex 2ee6ffd..2740af1 100644[m
[1m--- a/__recovery/Unit3.dfm[m
[1m+++ b/__recovery/Unit3.dfm[m
[36m@@ -12,28 +12,20 @@[m [mobject Form3: TForm3[m
   Font.Style = [][m
   TextHeight = 15[m
   object Memo1: TMemo[m
[31m-    Left = 8[m
[31m-    Top = 24[m
[31m-    Width = 577[m
[31m-    Height = 305[m
[32m+[m[32m    Left = 24[m
[32m+[m[32m    Top = 16[m
[32m+[m[32m    Width = 561[m
[32m+[m[32m    Height = 273[m
     Lines.Strings = ([m
       'Memo1')[m
     TabOrder = 0[m
   end[m
[31m-  object Edit1: TEdit[m
[31m-    Left = 16[m
[31m-    Top = 352[m
[31m-    Width = 385[m
[31m-    Height = 23[m
[31m-    TabOrder = 1[m
[31m-    Text = 'Edit1'[m
[31m-  end[m
   object Button1: TButton[m
[31m-    Left = 424[m
[31m-    Top = 351[m
[32m+[m[32m    Left = 510[m
[32m+[m[32m    Top = 295[m
     Width = 75[m
     Height = 25[m
     Caption = 'Button1'[m
[31m-    TabOrder = 2[m
[32m+[m[32m    TabOrder = 1[m
   end[m
 end[m
[1mdiff --git a/__recovery/Unit3.pas b/__recovery/Unit3.pas[m
[1mindex 4c159cf..7aa0027 100644[m
[1m--- a/__recovery/Unit3.pas[m
[1m+++ b/__recovery/Unit3.pas[m
[36m@@ -9,7 +9,6 @@[m [muses[m
 type[m
   TForm3 = class(TForm)[m
     Memo1: TMemo;[m
[31m-    Edit1: TEdit;[m
     Button1: TButton;[m
   private[m
     { Private declarations }[m
[1mdiff --git a/__recovery/__recovery.ini b/__recovery/__recovery.ini[m
[1mindex 9ee1a4e..96016b2 100644[m
[1m--- a/__recovery/__recovery.ini[m
[1m+++ b/__recovery/__recovery.ini[m
[36m@@ -1,5 +1,5 @@[m
 [Unit3.pas][m
[31m-SaveTime=20/07/2022 16:40:45[m
[32m+[m[32mSaveTime=20/07/2022 16:53:07[m
 FileCount=2[m
 File0=C:\inetpub\wwwroot\modulogit\Unit3.pas[m
 File1=C:\inetpub\wwwroot\modulogit\Unit3.dfm[m
